<?xml version="1.0" encoding="UTF-8"?>
<!-- Generated by org.testng.reporters.JUnitXMLReporter -->
<testsuite ignored="0" hostname="DESKTOP-LTDBP17" failures="0" tests="4" name="Default test" time="7.131" errors="0" timestamp="2021-03-18T01:05:31 EET">
  <testcase classname="apiTCS.PostApi" name="getAllPosts" time="5.826"/>
  <testcase classname="apiTCS.PostApi" name="getPostById" time="0.405"/>
  <testcase classname="apiTCS.PostApi" name="getPostWrongId" time="0.293"/>
  <testcase classname="apiTCS.PostApi" name="createPost" time="0.526"/>
</testsuite> <!-- Default test -->
