<?xml version="1.0" encoding="UTF-8"?>
<!-- Generated by org.testng.reporters.JUnitXMLReporter -->
<testsuite ignored="0" hostname="DESKTOP-LTDBP17" failures="0" tests="4" name="Api Test" time="7.917" errors="0" timestamp="2021-03-19T01:11:42 EET">
  <testcase classname="apiAutomation.Tests.ApiTests" name="getAllPosts" time="5.924"/>
  <testcase classname="apiAutomation.Tests.ApiTests" name="getPostById" time="0.483"/>
  <testcase classname="apiAutomation.Tests.ApiTests" name="getPostWrongId" time="0.791"/>
  <testcase classname="apiAutomation.Tests.ApiTests" name="createPost" time="0.656"/>
</testsuite> <!-- Api Test -->
