<?xml version="1.0" encoding="UTF-8"?>
<!-- Generated by org.testng.reporters.JUnitXMLReporter -->
<testsuite ignored="0" hostname="DESKTOP-LTDBP17" failures="0" tests="3" name="Registrarion Then Login Then Checkout" time="65.414" errors="0" timestamp="2021-03-19T01:13:01 EET">
  <testcase classname="automationPractice.Tests.TestRegisterLoginCheckout" name="registerUsingValidData" time="24.09"/>
  <testcase classname="automationPractice.Tests.TestRegisterLoginCheckout" name="loginUsingValidEmailAndPassword" time="6.395"/>
  <testcase classname="automationPractice.Tests.TestRegisterLoginCheckout" name="cartCheckout" time="23.522"/>
</testsuite> <!-- Registrarion Then Login Then Checkout -->
