<?xml version="1.0" encoding="UTF-8"?>
<testng-results ignored="0" total="3" passed="3" failed="0" skipped="0">
  <reporter-output>
  </reporter-output>
  <suite started-at="2021-03-19T01:11:56 EET" name="Automation Practice" finished-at="2021-03-19T01:13:01 EET" duration-ms="65414">
    <groups>
    </groups>
    <test started-at="2021-03-19T01:11:56 EET" name="Registrarion Then Login Then Checkout" finished-at="2021-03-19T01:13:01 EET" duration-ms="65414">
      <class name="automationPractice.Tests.TestRegisterLoginCheckout">
        <test-method is-config="true" signature="initiate()[pri:0, instance:automationPractice.Tests.TestRegisterLoginCheckout@ba54932]" started-at="2021-03-19T01:11:56 EET" name="initiate" finished-at="2021-03-19T01:12:06 EET" duration-ms="10607" status="PASS">
          <reporter-output>
          </reporter-output>
        </test-method> <!-- initiate -->
        <test-method signature="registerUsingValidData()[pri:1, instance:automationPractice.Tests.TestRegisterLoginCheckout@ba54932]" started-at="2021-03-19T01:12:06 EET" name="registerUsingValidData" finished-at="2021-03-19T01:12:30 EET" duration-ms="24090" status="PASS">
          <reporter-output>
          </reporter-output>
        </test-method> <!-- registerUsingValidData -->
        <test-method signature="loginUsingValidEmailAndPassword()[pri:2, instance:automationPractice.Tests.TestRegisterLoginCheckout@ba54932]" started-at="2021-03-19T01:12:30 EET" name="loginUsingValidEmailAndPassword" finished-at="2021-03-19T01:12:37 EET" duration-ms="6395" status="PASS">
          <reporter-output>
          </reporter-output>
        </test-method> <!-- loginUsingValidEmailAndPassword -->
        <test-method signature="cartCheckout()[pri:3, instance:automationPractice.Tests.TestRegisterLoginCheckout@ba54932]" started-at="2021-03-19T01:12:37 EET" name="cartCheckout" finished-at="2021-03-19T01:13:00 EET" duration-ms="23522" status="PASS">
          <reporter-output>
          </reporter-output>
        </test-method> <!-- cartCheckout -->
        <test-method is-config="true" signature="closure()[pri:0, instance:automationPractice.Tests.TestRegisterLoginCheckout@ba54932]" started-at="2021-03-19T01:13:00 EET" name="closure" finished-at="2021-03-19T01:13:01 EET" duration-ms="746" status="PASS">
          <reporter-output>
          </reporter-output>
        </test-method> <!-- closure -->
      </class> <!-- automationPractice.Tests.TestRegisterLoginCheckout -->
    </test> <!-- Registrarion Then Login Then Checkout -->
  </suite> <!-- Automation Practice -->
</testng-results>
